0 info it worked if it ends with ok
1 verbose cli [ '/usr/local/Cellar/node/6.7.0/bin/node',
1 verbose cli   '/usr/local/bin/npm',
1 verbose cli   'install',
1 verbose cli   '-',
1 verbose cli   'g',
1 verbose cli   'tty.js' ]
2 info using npm@3.10.7
3 info using node@v6.7.0
4 silly loadCurrentTree Starting
5 silly install loadCurrentTree
6 silly install readLocalPackageData
7 silly fetchPackageMetaData -
8 silly fetchPackageMetaData g
9 silly fetchPackageMetaData tty.js
10 silly fetchOtherPackageData -
11 silly cache add args [ '-', null ]
12 verbose cache add spec -
13 silly fetchNamedPackageData g
14 silly mapToRegistry name g
15 silly mapToRegistry using default registry
16 silly mapToRegistry registry https://registry.npmjs.org/
17 silly mapToRegistry data Result {
17 silly mapToRegistry   raw: 'g',
17 silly mapToRegistry   scope: null,
17 silly mapToRegistry   escapedName: 'g',
17 silly mapToRegistry   name: 'g',
17 silly mapToRegistry   rawSpec: '',
17 silly mapToRegistry   spec: 'latest',
17 silly mapToRegistry   type: 'tag' }
18 silly mapToRegistry uri https://registry.npmjs.org/g
19 silly fetchNamedPackageData tty.js
20 silly mapToRegistry name tty.js
21 silly mapToRegistry using default registry
22 silly mapToRegistry registry https://registry.npmjs.org/
23 silly mapToRegistry data Result {
23 silly mapToRegistry   raw: 'tty.js',
23 silly mapToRegistry   scope: null,
23 silly mapToRegistry   escapedName: 'tty.js',
23 silly mapToRegistry   name: 'tty.js',
23 silly mapToRegistry   rawSpec: '',
23 silly mapToRegistry   spec: 'latest',
23 silly mapToRegistry   type: 'tag' }
24 silly mapToRegistry uri https://registry.npmjs.org/tty.js
25 silly cache add parsed spec Result {
25 silly cache add   raw: '-',
25 silly cache add   scope: null,
25 silly cache add   escapedName: null,
25 silly cache add   name: null,
25 silly cache add   rawSpec: '-',
25 silly cache add   spec: '/Users/Allamerican17/dev/assignments/projects/original_bounty_hunter/-',
25 silly cache add   type: 'local' }
26 verbose request uri https://registry.npmjs.org/g
27 verbose request no auth needed
28 info attempt registry request try #1 at 2:36:57 PM
29 verbose request id 22abe7944f973852
30 http request GET https://registry.npmjs.org/g
31 verbose request uri https://registry.npmjs.org/tty.js
32 verbose request no auth needed
33 info attempt registry request try #1 at 2:36:57 PM
34 http request GET https://registry.npmjs.org/tty.js
35 error addLocal Could not install /Users/Allamerican17/dev/assignments/projects/original_bounty_hunter/-
36 silly fetchPackageMetaData Error: ENOENT: no such file or directory, open '/Users/Allamerican17/dev/assignments/projects/original_bounty_hunter/-'
36 silly fetchPackageMetaData     at Error (native)
36 silly fetchPackageMetaData  error for - { Error: ENOENT: no such file or directory, open '/Users/Allamerican17/dev/assignments/projects/original_bounty_hunter/-'
36 silly fetchPackageMetaData     at Error (native)
36 silly fetchPackageMetaData   errno: -2,
36 silly fetchPackageMetaData   code: 'ENOENT',
36 silly fetchPackageMetaData   syscall: 'open',
36 silly fetchPackageMetaData   path: '/Users/Allamerican17/dev/assignments/projects/original_bounty_hunter/-' }
37 http 200 https://registry.npmjs.org/g
38 verbose headers { server: 'CouchDB/1.5.0 (Erlang OTP/R16B03)',
38 verbose headers   etag: '"5IBAML63Y5Y7Q10E1FX7BLFSO"',
38 verbose headers   'content-type': 'application/json',
38 verbose headers   'content-encoding': 'gzip',
38 verbose headers   'cache-control': 'max-age=300',
38 verbose headers   'content-length': '1885',
38 verbose headers   'accept-ranges': 'bytes',
38 verbose headers   date: 'Mon, 07 Nov 2016 21:36:57 GMT',
38 verbose headers   via: '1.1 varnish',
38 verbose headers   age: '0',
38 verbose headers   connection: 'keep-alive',
38 verbose headers   'x-served-by': 'cache-den6024-DEN',
38 verbose headers   'x-cache': 'MISS',
38 verbose headers   'x-cache-hits': '0',
38 verbose headers   'x-timer': 'S1478554617.836693,VS0,VE77',
38 verbose headers   vary: 'Accept-Encoding' }
39 silly get cb [ 200,
39 silly get   { server: 'CouchDB/1.5.0 (Erlang OTP/R16B03)',
39 silly get     etag: '"5IBAML63Y5Y7Q10E1FX7BLFSO"',
39 silly get     'content-type': 'application/json',
39 silly get     'content-encoding': 'gzip',
39 silly get     'cache-control': 'max-age=300',
39 silly get     'content-length': '1885',
39 silly get     'accept-ranges': 'bytes',
39 silly get     date: 'Mon, 07 Nov 2016 21:36:57 GMT',
39 silly get     via: '1.1 varnish',
39 silly get     age: '0',
39 silly get     connection: 'keep-alive',
39 silly get     'x-served-by': 'cache-den6024-DEN',
39 silly get     'x-cache': 'MISS',
39 silly get     'x-cache-hits': '0',
39 silly get     'x-timer': 'S1478554617.836693,VS0,VE77',
39 silly get     vary: 'Accept-Encoding' } ]
40 verbose get saving g to /Users/Allamerican17/.npm/registry.npmjs.org/g/.cache.json
41 verbose correctMkdir /Users/Allamerican17/.npm correctMkdir not in flight; initializing
42 http 200 https://registry.npmjs.org/tty.js
43 verbose headers { server: 'CouchDB/1.5.0 (Erlang OTP/R16B03)',
43 verbose headers   etag: '"CNT0I71OAAVQC9TU4W94IW1IE"',
43 verbose headers   'content-type': 'application/json',
43 verbose headers   'content-encoding': 'gzip',
43 verbose headers   'cache-control': 'max-age=300',
43 verbose headers   'content-length': '6217',
43 verbose headers   'accept-ranges': 'bytes',
43 verbose headers   date: 'Mon, 07 Nov 2016 21:36:57 GMT',
43 verbose headers   via: '1.1 varnish',
43 verbose headers   age: '0',
43 verbose headers   connection: 'keep-alive',
43 verbose headers   'x-served-by': 'cache-den6022-DEN',
43 verbose headers   'x-cache': 'MISS',
43 verbose headers   'x-cache-hits': '0',
43 verbose headers   'x-timer': 'S1478554617.831726,VS0,VE70',
43 verbose headers   vary: 'Accept-Encoding' }
44 silly get cb [ 200,
44 silly get   { server: 'CouchDB/1.5.0 (Erlang OTP/R16B03)',
44 silly get     etag: '"CNT0I71OAAVQC9TU4W94IW1IE"',
44 silly get     'content-type': 'application/json',
44 silly get     'content-encoding': 'gzip',
44 silly get     'cache-control': 'max-age=300',
44 silly get     'content-length': '6217',
44 silly get     'accept-ranges': 'bytes',
44 silly get     date: 'Mon, 07 Nov 2016 21:36:57 GMT',
44 silly get     via: '1.1 varnish',
44 silly get     age: '0',
44 silly get     connection: 'keep-alive',
44 silly get     'x-served-by': 'cache-den6022-DEN',
44 silly get     'x-cache': 'MISS',
44 silly get     'x-cache-hits': '0',
44 silly get     'x-timer': 'S1478554617.831726,VS0,VE70',
44 silly get     vary: 'Accept-Encoding' } ]
45 verbose get saving tty.js to /Users/Allamerican17/.npm/registry.npmjs.org/tty.js/.cache.json
46 verbose correctMkdir /Users/Allamerican17/.npm correctMkdir not in flight; initializing
47 silly rollbackFailedOptional Starting
48 silly rollbackFailedOptional Finishing
49 silly runTopLevelLifecycles Finishing
50 silly install printInstalled
51 verbose stack Error: ENOENT: no such file or directory, open '/Users/Allamerican17/dev/assignments/projects/original_bounty_hunter/-'
51 verbose stack     at Error (native)
52 verbose cwd /Users/Allamerican17/dev/assignments/projects/original_bounty_hunter
53 error Darwin 16.3.0
54 error argv "/usr/local/Cellar/node/6.7.0/bin/node" "/usr/local/bin/npm" "install" "-" "g" "tty.js"
55 error node v6.7.0
56 error npm  v3.10.7
57 error path /Users/Allamerican17/dev/assignments/projects/original_bounty_hunter/-
58 error code ENOENT
59 error errno -2
60 error syscall open
61 error enoent ENOENT: no such file or directory, open '/Users/Allamerican17/dev/assignments/projects/original_bounty_hunter/-'
62 error enoent ENOENT: no such file or directory, open '/Users/Allamerican17/dev/assignments/projects/original_bounty_hunter/-'
62 error enoent This is most likely not a problem with npm itself
62 error enoent and is related to npm not being able to find a file.
63 verbose exit [ -2, true ]
